2019-11-05 16:49:05,617 - CPE25-Performance-DUT - DEBUG - [root@CPE25-Performance-DUT: aaaadmin]# 
2019-11-05 16:49:06,018 - CPE25-Performance-DUT - DEBUG - mv /home/versa/packages/versa-security-p 
ackage-* /opt/versa/etc/spack/downloads/
[root@CPE25-Performance-DUT: aaaadmin]# 
2019-11-05 16:49:06,420 - CPE25-Performance-DUT - DEBUG - chown versa:versa /opt/versa/etc/spack/d 
ownloads/*
[root@CPE25-Performance-DUT: aaaadmin]# 
2019-11-05 16:49:06,821 - CPE25-Performance-DUT - DEBUG - chmod 664 /opt/versa/etc/spack/downloads 
/*
[root@CPE25-Performance-DUT: aaaadmin]# 
2019-11-05 16:49:07,223 - CPE25-Performance-DUT - DEBUG - sed -i 's/premium/sample/g' /opt/versa/e 
tc/spack/.flavor
[root@CPE25-Performance-DUT: aaaadmin]# 
2019-11-05 16:49:07,624 - CPE25-Performance-DUT - DEBUG - exit
[smurugesan2@CPE25-Performance-DUT ~] # 
2019-11-05 16:49:08,026 - CPE25-Performance-DUT - DEBUG - logout
[ok][2019-11-05 11:13:21]
2019-11-05 16:49:08,628 - CPE25-Performance-DUT - DEBUG - show security security-package information | tab
         API                          UPDATE  
VERSION  VERSION  FLAVOR  DATE        TYPE    
----------------------------------------------
1640     11       sample  2019-06-28  full    

[ok][2019-11-05 11:13:22]
smurugesan2@CPE25-Performance-DUT-cli> 
2019-11-05 16:49:09,430 - CPE25-Performance-DUT - DEBUG - request security security-package install  version number 1659
install-version-status [Additional Info: Started preparing installation of security package version 1659]
[ok][2019-11-05 11:13:23]
smurugesan2@CPE25-Performance-DUT-cli> 
2019-11-05 16:49:10,032 - CPE25-Performance-DUT - DEBUG - request security security-package install  status
install-status [Preparing install of new security package version 1659 (Progress: 0%)]
[ok][2019-11-05 11:13:23]
smurugesan2@CPE25-Performance-DUT-cli> 
