2019-11-05 17:37:29,658 - CPE25-Performance-DUT - DEBUG - [root@CPE25-Performance-DUT: aaaadmin]# 
2019-11-05 17:37:30,059 - CPE25-Performance-DUT - DEBUG - mv /home/versa/packages/versa-security-p 
ackage-* /opt/versa/etc/spack/downloads/
[root@CPE25-Performance-DUT: aaaadmin]# 
2019-11-05 17:37:30,461 - CPE25-Performance-DUT - DEBUG - chown versa:versa /opt/versa/etc/spack/d 
ownloads/*
[root@CPE25-Performance-DUT: aaaadmin]# 
2019-11-05 17:37:30,862 - CPE25-Performance-DUT - DEBUG - chmod 664 /opt/versa/etc/spack/downloads 
/*
[root@CPE25-Performance-DUT: aaaadmin]# 
2019-11-05 17:37:31,263 - CPE25-Performance-DUT - DEBUG - sed -i 's/premium/sample/g' /opt/versa/e 
tc/spack/.flavor
[root@CPE25-Performance-DUT: aaaadmin]# 
2019-11-05 17:37:31,665 - CPE25-Performance-DUT - DEBUG - exit
[smurugesan2@CPE25-Performance-DUT ~] # 
2019-11-05 17:37:32,066 - CPE25-Performance-DUT - DEBUG - logout
[ok][2019-11-05 12:01:45]
2019-11-05 17:37:32,668 - CPE25-Performance-DUT - DEBUG - show security security-package information | tab
         API                          UPDATE  
VERSION  VERSION  FLAVOR  DATE        TYPE    
----------------------------------------------
1640     11       sample  2019-06-28  full    

[ok][2019-11-05 12:01:46]
smurugesan2@CPE25-Performance-DUT-cli> 
2019-11-05 17:37:33,270 - CPE25-Performance-DUT - DEBUG - request security security-package install  version number 1659
install-version-status [Additional Info: Started preparing installation of security package version 1659]
[ok][2019-11-05 12:01:47]
smurugesan2@CPE25-Performance-DUT-cli> 
