2019-11-05 18:35:13,671 - CPE25-Performance-DUT - DEBUG - [root@CPE25-Performance-DUT: aaaadmin]# 
2019-11-05 18:35:14,073 - CPE25-Performance-DUT - DEBUG - mv /home/versa/packages/versa-security-p 
ackage-* /opt/versa/etc/spack/downloads/
[root@CPE25-Performance-DUT: aaaadmin]# 
2019-11-05 18:35:14,474 - CPE25-Performance-DUT - DEBUG - chown versa:versa /opt/versa/etc/spack/d 
ownloads/*
[root@CPE25-Performance-DUT: aaaadmin]# 
2019-11-05 18:35:14,875 - CPE25-Performance-DUT - DEBUG - chmod 664 /opt/versa/etc/spack/downloads 
/*
[root@CPE25-Performance-DUT: aaaadmin]# 
2019-11-05 18:35:15,277 - CPE25-Performance-DUT - DEBUG - sed -i 's/premium/sample/g' /opt/versa/e 
tc/spack/.flavor
[root@CPE25-Performance-DUT: aaaadmin]# 
2019-11-05 18:35:15,678 - CPE25-Performance-DUT - DEBUG - exit
[smurugesan2@CPE25-Performance-DUT ~] # 
2019-11-05 18:35:16,080 - CPE25-Performance-DUT - DEBUG - logout
[ok][2019-11-05 12:59:29]
2019-11-05 18:35:16,682 - CPE25-Performance-DUT - DEBUG - show security security-package information | tab
         API                          UPDATE  
VERSION  VERSION  FLAVOR  DATE        TYPE    
----------------------------------------------
1640     11       sample  2019-06-28  full    

[ok][2019-11-05 12:59:30]
smurugesan2@CPE25-Performance-DUT-cli> 
2019-11-05 18:35:17,485 - CPE25-Performance-DUT - DEBUG - request security security-package install  version number 1659
install-version-status [Additional Info: Started preparing installation of security package version 1659]
[ok][2019-11-05 12:59:31]
smurugesan2@CPE25-Performance-DUT-cli> 
