2019-11-05 17:12:07,777 - CPE25-Performance-DUT - DEBUG - [root@CPE25-Performance-DUT: aaaadmin]# 
2019-11-05 17:12:08,179 - CPE25-Performance-DUT - DEBUG - mv /home/versa/packages/versa-security-p 
ackage-* /opt/versa/etc/spack/downloads/
[root@CPE25-Performance-DUT: aaaadmin]# 
2019-11-05 17:12:08,580 - CPE25-Performance-DUT - DEBUG - chown versa:versa /opt/versa/etc/spack/d 
ownloads/*
[root@CPE25-Performance-DUT: aaaadmin]# 
2019-11-05 17:12:08,981 - CPE25-Performance-DUT - DEBUG - chmod 664 /opt/versa/etc/spack/downloads 
/*
[root@CPE25-Performance-DUT: aaaadmin]# 
2019-11-05 17:12:09,383 - CPE25-Performance-DUT - DEBUG - sed -i 's/premium/sample/g' /opt/versa/e 
tc/spack/.flavor
[root@CPE25-Performance-DUT: aaaadmin]# 
2019-11-05 17:12:09,784 - CPE25-Performance-DUT - DEBUG - exit
[smurugesan2@CPE25-Performance-DUT ~] # 
2019-11-05 17:12:10,186 - CPE25-Performance-DUT - DEBUG - logout
[ok][2019-11-05 11:36:23]
2019-11-05 17:12:10,788 - CPE25-Performance-DUT - DEBUG - show security security-package information | tab
         API                          UPDATE  
VERSION  VERSION  FLAVOR  DATE        TYPE    
----------------------------------------------
1640     11       sample  2019-06-28  full    

[ok][2019-11-05 11:36:24]
smurugesan2@CPE25-Performance-DUT-cli> 
2019-11-05 17:12:11,590 - CPE25-Performance-DUT - DEBUG - request security security-package install  version number 1650
install-version-status [Additional Info: Started preparing installation of security package version 1650]
[ok][2019-11-05 11:36:25]
smurugesan2@CPE25-Performance-DUT-cli> 
