2018-07-06 15:47:01,033 - Main - INFO - SCRIPT Started
2018-07-06 15:47:01,033 - Main - INFO - Result  File : /home/sathish123/PycharmProjects/FileTRansfer_and_config_cmds/LOGS/10.91.116.35_2018_07_06_15_47_01_027877//RESULT.csv
2018-07-06 15:47:01,033 - Main - INFO - LOG FILES Path: /home/sathish123/PycharmProjects/FileTRansfer_and_config_cmds/LOGS/10.91.116.35_2018_07_06_15_47_01_027877/
2018-07-06 15:48:22,235 - Main - INFO - DAY :1
2018-07-06 15:48:22,235 - Main - INFO - Batch : 1
2018-07-06 15:48:22,235 - Main - INFO - BELOW ARE THE CPEs going for Upgrade:
2018-07-06 15:48:22,237 - Main - INFO - CPE-1
2018-07-06 15:48:22,237 - Main - INFO - CPE-12
2018-07-06 15:48:22,238 - Main - INFO - CPE-13
2018-07-06 15:48:22,238 - Main - INFO - CPE-14
2018-07-06 15:48:22,238 - Main - INFO - CPE-15
2018-07-06 15:48:22,239 - Main - INFO - CPE-17-Manish
2018-07-06 15:48:32,320 - Main - INFO - 
2018-07-06 15:48:38,136 - Main - INFO - linux: root@Versa-Dir-BLR-1:/home/admin#
2018-07-06 15:48:38,337 - Main - INFO - <netmiko.linux.linux_ssh.LinuxSSH object at 0x7f8e18cb9a90> connection opened
2018-07-06 15:48:38,940 - Main - INFO - ls -ltr versa-flexvnf-osspack-20180606.bin
-rw-r--r-- 1 admin versa 87853829 Jun 29 10:31 versa-flexvnf-osspack-20180606.bin
root@Versa-Dir-BLR-1:/home/admin# 
2018-07-06 15:48:39,941 - Main - INFO - CMD>> : rsync -v versa-flexvnf-osspack-20180606.bin admin@20.20.15.1:/home/versa/packages --progress
2018-07-06 15:48:39,942 - Main - INFO - None
2018-07-06 15:48:40,945 - Main - INFO - rsync -v versa-flexvnf-osspack-20180606.bin ad min@20.20.15.1:/home/versa/packages --progress
admin@20.20.15.1's password: 
2018-07-06 15:48:51,958 - Main - INFO - 
versa-flexvnf-osspack-20180606.bin
          9,368   0%    0.00kB/s    0:00:00       87,853,829 100%  123.20MB/s    0:00:00 (xfr#1, to-chk=0/1)

sent 37,619 bytes  received 65,692 bytes  18,783.82 bytes/sec
total size is 87,853,829  speedup is 850.38
root@Versa-Dir-BLR-1:/home/admin# 
2018-07-06 15:48:51,958 - Main - INFO - file transfer Success
2018-07-06 15:48:56,028 - Main - INFO - 
2018-07-06 15:49:01,742 - Main - INFO - linux: root@Versa-Dir-BLR-1:/home/admin#
2018-07-06 15:49:01,943 - Main - INFO - <netmiko.linux.linux_ssh.LinuxSSH object at 0x7f8e18d682d0> connection opened
2018-07-06 15:49:02,545 - Main - INFO - ls -ltr versa-flexvnf-osspack-20180606.bin
-rw-r--r-- 1 admin versa 87853829 Jun 29 10:31 versa-flexvnf-osspack-20180606.bin
root@Versa-Dir-BLR-1:/home/admin# 
2018-07-06 15:49:03,546 - Main - INFO - CMD>> : rsync -v versa-flexvnf-osspack-20180606.bin admin@20.20.15.12:/home/versa/packages --progress
2018-07-06 15:49:03,547 - Main - INFO - None
2018-07-06 15:49:04,549 - Main - INFO - rsync -v versa-flexvnf-osspack-20180606.bin ad min@20.20.15.12:/home/versa/packages --progress
admin@20.20.15.12's password: 
2018-07-06 15:49:15,560 - Main - INFO - 
versa-flexvnf-osspack-20180606.bin
          9,368   0%    0.00kB/s    0:00:00       87,853,829 100%  129.48MB/s    0:00:00 (xfr#1, to-chk=0/1)

sent 37,619 bytes  received 65,692 bytes  22,958.00 bytes/sec
total size is 87,853,829  speedup is 850.38
root@Versa-Dir-BLR-1:/home/admin# 
2018-07-06 15:49:15,561 - Main - INFO - file transfer Success
2018-07-06 15:49:19,730 - Main - INFO - 
2018-07-06 15:49:25,444 - Main - INFO - linux: root@Versa-Dir-BLR-1:/home/admin#
2018-07-06 15:49:25,645 - Main - INFO - <netmiko.linux.linux_ssh.LinuxSSH object at 0x7f8e18fddd10> connection opened
2018-07-06 15:49:26,248 - Main - INFO - ls -ltr versa-flexvnf-osspack-20180606.bin
-rw-r--r-- 1 admin versa 87853829 Jun 29 10:31 versa-flexvnf-osspack-20180606.bin
root@Versa-Dir-BLR-1:/home/admin# 
2018-07-06 15:49:27,249 - Main - INFO - CMD>> : rsync -v versa-flexvnf-osspack-20180606.bin admin@20.20.15.13:/home/versa/packages --progress
2018-07-06 15:49:27,250 - Main - INFO - None
2018-07-06 15:49:28,252 - Main - INFO - rsync -v versa-flexvnf-osspack-20180606.bin ad min@20.20.15.13:/home/versa/packages --progress
admin@20.20.15.13's password: 
2018-07-06 15:49:39,260 - Main - INFO - 
versa-flexvnf-osspack-20180606.bin
          9,368   0%    0.00kB/s    0:00:00       87,853,829 100%  121.06MB/s    0:00:00 (xfr#1, to-chk=0/1)

sent 37,619 bytes  received 65,692 bytes  18,783.82 bytes/sec
total size is 87,853,829  speedup is 850.38
root@Versa-Dir-BLR-1:/home/admin# 
2018-07-06 15:49:39,260 - Main - INFO - file transfer Success
2018-07-06 15:49:43,422 - Main - INFO - 
2018-07-06 15:49:49,138 - Main - INFO - linux: root@Versa-Dir-BLR-1:/home/admin#
2018-07-06 15:49:49,340 - Main - INFO - <netmiko.linux.linux_ssh.LinuxSSH object at 0x7f8e18cb9d10> connection opened
2018-07-06 15:49:49,943 - Main - INFO - ls -ltr versa-flexvnf-osspack-20180606.bin
-rw-r--r-- 1 admin versa 87853829 Jun 29 10:31 versa-flexvnf-osspack-20180606.bin
root@Versa-Dir-BLR-1:/home/admin# 
2018-07-06 15:49:50,944 - Main - INFO - CMD>> : rsync -v versa-flexvnf-osspack-20180606.bin admin@20.20.16.14:/home/versa/packages --progress
2018-07-06 15:49:50,945 - Main - INFO - None
2018-07-06 15:49:51,947 - Main - INFO - rsync -v versa-flexvnf-osspack-20180606.bin ad min@20.20.16.14:/home/versa/packages --progress
admin@20.20.16.14's password: 
2018-07-06 15:50:02,954 - Main - INFO - 
versa-flexvnf-osspack-20180606.bin
          9,368   0%    0.00kB/s    0:00:00       87,853,829 100%  126.55MB/s    0:00:00 (xfr#1, to-chk=0/1)

sent 37,619 bytes  received 65,692 bytes  22,958.00 bytes/sec
total size is 87,853,829  speedup is 850.38
root@Versa-Dir-BLR-1:/home/admin# 
2018-07-06 15:50:02,955 - Main - INFO - file transfer Success
2018-07-06 15:50:07,011 - Main - INFO - 
2018-07-06 15:50:12,722 - Main - INFO - linux: root@Versa-Dir-BLR-1:/home/admin#
2018-07-06 15:50:12,924 - Main - INFO - <netmiko.linux.linux_ssh.LinuxSSH object at 0x7f8e18cf4290> connection opened
2018-07-06 15:50:13,526 - Main - INFO - ls -ltr versa-flexvnf-osspack-20180606.bin
-rw-r--r-- 1 admin versa 87853829 Jun 29 10:31 versa-flexvnf-osspack-20180606.bin
root@Versa-Dir-BLR-1:/home/admin# 
2018-07-06 15:50:14,528 - Main - INFO - CMD>> : rsync -v versa-flexvnf-osspack-20180606.bin admin@20.20.15.15:/home/versa/packages --progress
2018-07-06 15:50:14,529 - Main - INFO - None
2018-07-06 15:50:15,530 - Main - INFO - rsync -v versa-flexvnf-osspack-20180606.bin ad min@20.20.15.15:/home/versa/packages --progress
admin@20.20.15.15's password: 
2018-07-06 15:50:26,533 - Main - INFO - 
versa-flexvnf-osspack-20180606.bin
          9,368   0%    0.00kB/s    0:00:00       87,853,829 100%  126.55MB/s    0:00:00 (xfr#1, to-chk=0/1)

sent 37,619 bytes  received 65,692 bytes  29,517.43 bytes/sec
total size is 87,853,829  speedup is 850.38
root@Versa-Dir-BLR-1:/home/admin# 
2018-07-06 15:50:26,533 - Main - INFO - file transfer Success
2018-07-06 15:50:30,590 - Main - INFO - 
2018-07-06 15:50:36,306 - Main - INFO - linux: root@Versa-Dir-BLR-1:/home/admin#
2018-07-06 15:50:36,507 - Main - INFO - <netmiko.linux.linux_ssh.LinuxSSH object at 0x7f8e18fddf90> connection opened
2018-07-06 15:50:37,110 - Main - INFO - ls -ltr versa-flexvnf-osspack-20180606.bin
-rw-r--r-- 1 admin versa 87853829 Jun 29 10:31 versa-flexvnf-osspack-20180606.bin
root@Versa-Dir-BLR-1:/home/admin# 
2018-07-06 15:50:38,111 - Main - INFO - CMD>> : rsync -v versa-flexvnf-osspack-20180606.bin admin@20.20.15.17:/home/versa/packages --progress
2018-07-06 15:50:38,112 - Main - INFO - None
2018-07-06 15:50:39,114 - Main - INFO - rsync -v versa-flexvnf-osspack-20180606.bin ad min@20.20.15.17:/home/versa/packages --progress
admin@20.20.15.17's password: 
2018-07-06 15:50:50,126 - Main - INFO - 
versa-flexvnf-osspack-20180606.bin
          9,368   0%    0.00kB/s    0:00:00       87,853,829 100%  122.84MB/s    0:00:00 (xfr#1, to-chk=0/1)

sent 37,619 bytes  received 65,692 bytes  22,958.00 bytes/sec
total size is 87,853,829  speedup is 850.38
root@Versa-Dir-BLR-1:/home/admin# 
2018-07-06 15:50:50,126 - Main - INFO - file transfer Success
2018-07-06 15:50:54,220 - Main - INFO - 
2018-07-06 15:50:59,935 - Main - INFO - linux: root@Versa-Dir-BLR-1:/home/admin#
2018-07-06 15:51:00,137 - Main - INFO - <netmiko.linux.linux_ssh.LinuxSSH object at 0x7f8e18cf4f10> connection opened
2018-07-06 15:51:05,139 - Main - INFO - ssh admin@20.20.15.1
admin@20.20.15.1's password: 
2018-07-06 15:51:05,140 - Main - INFO - 
2018-07-06 15:51:07,143 - Main - INFO - doing redispatch
2018-07-06 15:52:02,503 - Main - INFO - None
2018-07-06 15:52:07,411 - Main - INFO - root@Versa-Dir-BLR-1:/home/admin#
2018-07-06 15:52:11,459 - Main - INFO - 
2018-07-06 15:52:17,174 - Main - INFO - linux: root@Versa-Dir-BLR-1:/home/admin#
2018-07-06 15:52:17,375 - Main - INFO - <netmiko.linux.linux_ssh.LinuxSSH object at 0x7f8e18c72190> connection opened
2018-07-06 15:52:22,381 - Main - INFO - ssh admin@20.20.15.12
admin@20.20.15.12's password: 
2018-07-06 15:52:22,382 - Main - INFO - 
2018-07-06 15:52:24,384 - Main - INFO - doing redispatch
2018-07-06 15:52:58,844 - Main - INFO - None
2018-07-06 15:53:03,752 - Main - INFO - root@Versa-Dir-BLR-1:/home/admin#
2018-07-06 15:53:07,816 - Main - INFO - 
2018-07-06 15:53:13,527 - Main - INFO - linux: root@Versa-Dir-BLR-1:/home/admin#
2018-07-06 15:53:13,729 - Main - INFO - <netmiko.linux.linux_ssh.LinuxSSH object at 0x7f8e18c65f10> connection opened
2018-07-06 15:53:18,735 - Main - INFO - ssh admin@20.20.15.13
admin@20.20.15.13's password: 
2018-07-06 15:53:18,735 - Main - INFO - 
2018-07-06 15:53:20,738 - Main - INFO - doing redispatch
2018-07-06 15:53:55,185 - Main - INFO - None
2018-07-06 15:54:00,093 - Main - INFO - root@Versa-Dir-BLR-1:/home/admin#
2018-07-06 15:54:04,157 - Main - INFO - 
2018-07-06 15:54:09,873 - Main - INFO - linux: root@Versa-Dir-BLR-1:/home/admin#
2018-07-06 15:54:10,074 - Main - INFO - <netmiko.linux.linux_ssh.LinuxSSH object at 0x7f8e18c72610> connection opened
2018-07-06 15:54:15,080 - Main - INFO - ssh admin@20.20.16.14
admin@20.20.16.14's password: 
2018-07-06 15:54:15,081 - Main - INFO - 
2018-07-06 15:54:17,083 - Main - INFO - doing redispatch
2018-07-06 15:54:51,531 - Main - INFO - None
2018-07-06 15:54:56,438 - Main - INFO - root@Versa-Dir-BLR-1:/home/admin#
2018-07-06 15:55:00,470 - Main - INFO - 
2018-07-06 15:55:06,179 - Main - INFO - linux: root@Versa-Dir-BLR-1:/home/admin#
2018-07-06 15:55:06,380 - Main - INFO - <netmiko.linux.linux_ssh.LinuxSSH object at 0x7f8e18cb9b50> connection opened
2018-07-06 15:55:11,383 - Main - INFO - ssh admin@20.20.15.15
admin@20.20.15.15's password: 
2018-07-06 15:55:11,383 - Main - INFO - 
2018-07-06 15:55:13,386 - Main - INFO - doing redispatch
2018-07-06 15:55:47,736 - Main - INFO - None
2018-07-06 15:55:52,643 - Main - INFO - root@Versa-Dir-BLR-1:/home/admin#
2018-07-06 15:55:56,665 - Main - INFO - 
2018-07-06 15:56:02,380 - Main - INFO - linux: root@Versa-Dir-BLR-1:/home/admin#
2018-07-06 15:56:02,582 - Main - INFO - <netmiko.linux.linux_ssh.LinuxSSH object at 0x7f8e18c65390> connection opened
2018-07-06 15:56:07,587 - Main - INFO - ssh admin@20.20.15.17
admin@20.20.15.17's password: 
2018-07-06 15:56:07,588 - Main - INFO - 
2018-07-06 15:56:09,590 - Main - INFO - doing redispatch
2018-07-06 15:56:43,973 - Main - INFO - None
2018-07-06 15:56:48,878 - Main - INFO - root@Versa-Dir-BLR-1:/home/admin#
2018-07-06 15:56:48,898 - Main - INFO - DAY :1
2018-07-06 15:56:48,898 - Main - INFO - Batch : 2
2018-07-06 15:56:48,898 - Main - INFO - BELOW ARE THE CPEs going for Upgrade:
2018-07-06 15:56:54,913 - Main - INFO - DAY :1
2018-07-06 15:56:54,913 - Main - INFO - Batch : 3
2018-07-06 15:56:54,913 - Main - INFO - BELOW ARE THE CPEs going for Upgrade:
2018-07-06 15:57:00,921 - Main - INFO - Time elapsed: 0:09:59.888178

2018-07-06 15:57:00,921 - Main - INFO - Result Stored in /home/sathish123/PycharmProjects/FileTRansfer_and_config_cmds/LOGS/10.91.116.35_2018_07_06_15_47_01_027877//RESULT.csv
2018-07-06 15:57:00,922 - Main - INFO - LOG FILES Path: /home/sathish123/PycharmProjects/FileTRansfer_and_config_cmds/LOGS/10.91.116.35_2018_07_06_15_47_01_027877/
