2019-11-05 16:40:54,388 - CPE25-Performance-DUT - DEBUG - [root@CPE25-Performance-DUT: aaaadmin]# 
2019-11-05 16:40:54,790 - CPE25-Performance-DUT - DEBUG - mv /home/versa/packages/versa-security-p 
ackage-* /opt/versa/etc/spack/downloads/
[root@CPE25-Performance-DUT: aaaadmin]# 
2019-11-05 16:40:55,191 - CPE25-Performance-DUT - DEBUG - chown versa:versa /opt/versa/etc/spack/d 
ownloads/*
[root@CPE25-Performance-DUT: aaaadmin]# 
2019-11-05 16:40:55,592 - CPE25-Performance-DUT - DEBUG - chmod 664 /opt/versa/etc/spack/downloads 
/*
[root@CPE25-Performance-DUT: aaaadmin]# 
2019-11-05 16:40:55,994 - CPE25-Performance-DUT - DEBUG - sed -i 's/premium/sample/g' /opt/versa/e 
tc/spack/.flavor
[root@CPE25-Performance-DUT: aaaadmin]# 
2019-11-05 16:40:56,395 - CPE25-Performance-DUT - DEBUG - exit
[smurugesan2@CPE25-Performance-DUT ~] # 
2019-11-05 16:40:56,797 - CPE25-Performance-DUT - DEBUG - logout
[ok][2019-11-05 11:05:10]
2019-11-05 16:40:57,399 - CPE25-Performance-DUT - DEBUG - show security security-package information | tab
         API                          UPDATE  
VERSION  VERSION  FLAVOR  DATE        TYPE    
----------------------------------------------
1640     11       sample  2019-06-28  full    

[ok][2019-11-05 11:05:11]
smurugesan2@CPE25-Performance-DUT-cli> 
2019-11-05 16:40:57,800 - CPE25-Performance-DUT - DEBUG - #request security security-package install version number 1659
[ok][2019-11-05 11:05:11]
smurugesan2@CPE25-Performance-DUT-cli> 
2019-11-05 16:40:58,202 - CPE25-Performance-DUT - DEBUG - #request security security-package install status
[ok][2019-11-05 11:05:11]
smurugesan2@CPE25-Performance-DUT-cli> 
